android/app/proguard-rules.pro

-keep class io.supabase.** { *; }
-keep class okhttp3.** { *; }
-keep class retrofit2.** { *; }