build/app/outputs/mapping/release/seeds.txt
com.mycompany.acheinojarbas.MainActivity
com.mycompany.acheinojarbas.MainActivity: MainActivity()
...
com.google.android.gms.internal.base.zak: int zaf
com.google.android.gms.internal.firebase-auth-api.zzfh: com.google.android.gms.internal.firebase-auth-api.zzft zzg
com.google.firestore.v1.WriteResponse: java.lang.String streamId_
com.google.firestore.v1.CommitResponse: com.google.protobuf.Internal$ProtobufList writeResults_
com.google.android.recaptcha.internal.zzdk: kotlinx.coroutines.CoroutineScope zzd
com.google.android.recaptcha.internal.zzkj: com.google.android.recaptcha.internal.zzkj zzu
com.google.android.gms.internal.firebase-auth-api.zzae: com.google.android.gms.internal.firebase-auth-api.zzh zzb
com.google.firebase.perf.v1.ApplicationInfo: com.google.protobuf.Parser PARSER
okhttp3.internal.http1.Http1Codec: long headerLimit
com.google.android.recaptcha.internal.zzrc: com.google.android.recaptcha.internal.zzrc zzj
com.google.android.gms.internal.fido.zzh: com.google.android.gms.internal.fido.zzdp zzs
okhttp3.HttpUrl$Builder: java.util.List encodedQueryNamesAndValues
com.google.android.recaptcha.internal.zzx: java.util.List zzb
kotlin.coroutines.jvm.internal.ContinuationImpl: kotlin.coroutines.Continuation intercepted
com.google.android.recaptcha.internal.zzik: java.lang.Object zzc
com.google.android.gms.internal.firebase-auth-api.zzib: byte[] zzc
com.google.firestore.v1.StructuredQuery$CollectionSelector: int ALL_DESCENDANTS_FIELD_NUMBER
com.google.android.gms.internal.firebase-auth-api.zzwd: com.google.android.gms.internal.firebase-auth-api.zzwd zzc
com.google.android.gms.internal.fido.zzba: java.util.Map$Entry[] zza
com.google.android.gms.internal.firebase-auth-api.zzrp: int zze
com.google.android.gms.internal.firebase-auth-api.zzdg: int zzc
com.google.android.recaptcha.internal.zzpe: int zzd
com.google.android.gms.internal.fido.zzdu: byte[] zzc
com.google.android.recaptcha.internal.zzmz: int zze
com.google.android.gms.internal.common.zzz: int zzb
com.google.android.gms.internal.firebase-auth-api.zzajy$zzb: com.google.android.gms.internal.firebase-auth-api.zzajr zzc
com.google.android.recaptcha.internal.zzff: com.google.android.recaptcha.internal.zzff zza
com.google.android.gms.internal.firebase-auth-api.zzjl: com.google.android.gms.internal.firebase-auth-api.zzcj zzc
com.google.android.gms.internal.firebase-auth-api.zzmf: java.lang.Object zza
com.google.android.gms.internal.auth.zzbw: android.os.Parcelable$Creator CREATOR
com.google.android.recaptcha.internal.zzce: com.google.android.recaptcha.internal.zzbo zzg
com.google.android.gms.internal.firebase-auth-api.zzahm: com.google.android.gms.internal.firebase-auth-api.zzafg zzg
com.google.android.recaptcha.internal.zzmm: com.google.android.recaptcha.internal.zznb zzc
com.google.android.gms.common.server.response.zan: android.os.Parcelable$Creator CREATOR
com.google.android.gms.internal.auth.zzby: com.google.android.gms.internal.auth.zzby zzu
okhttp3.MultipartBody: okio.ByteString boundary
okhttp3.internal.ws.WebSocketProtocol: java.lang.String ACCEPT_MAGIC
com.google.android.gms.internal.firebase-auth-api.zzvq$zzb: com.google.android.gms.internal.firebase-auth-api.zzvq$zzb zze
okhttp3.HttpUrl: java.lang.String FORM_ENCODE_SET
com.google.firestore.v1.DocumentTransform$FieldTransform: int transformTypeCase_
kotlinx.coroutines.EventLoopImplBase$DelayedTask: java.lang.Object _heap
com.google.android.gms.internal.firebase-auth-api.zzdh$zza: com.google.android.gms.internal.firebase-auth-api.zzze zzb
okhttp3.internal.connection.StreamAllocation: int refusedStreamCount
com.google.android.recaptcha.internal.zzan: long zza
okhttp3.CipherSuite: okhttp3.CipherSuite TLS_ECDH_ECDSA_WITH_AES_128_CBC_SHA
okhttp3.internal.http1.Http1Codec$FixedLengthSink: okhttp3.internal.http1.Http1Codec this$0
com.google.firestore.v1.DocumentChange: int DOCUMENT_FIELD_NUMBER
com.google.firestore.v1.DocumentDelete: int READ_TIME_FIELD_NUMBER
com.google.android.gms.internal.auth.zzfa: byte[] zzd
com.google.android.recaptcha.internal.zzce: int zza