build/app/outputs/mapping/release/mapping.txt
# compiler: R8
# compiler_version: 8.2.42
# min_api: 23
# common_typos_disable
# {"id":"com.android.tools.r8.mapping","version":"2.2"}
# pg_map_id: d80cf59
# pg_map_hash: SHA-256 d80cf59e04b0fad194c98d7cac64614a4cacea208732a5e407e49b3c78ec855d
com.mycompany.acheinojarbas.MainActivity -> com.mycompany.acheinojarbas.MainActivity:
# {"id":"sourceFile","fileName":"MainActivity.kt"}
...
okhttp3.internal.tls.BasicTrustRootIndex -> okhttp3.internal.tls.BasicTrustRootIndex:
# {"id":"sourceFile","fileName":"BasicTrustRootIndex.java"}
okhttp3.internal.tls.CertificateChainCleaner -> okhttp3.internal.tls.CertificateChainCleaner:
# {"id":"sourceFile","fileName":"CertificateChainCleaner.java"}
    1:1:okhttp3.internal.tls.CertificateChainCleaner get(javax.net.ssl.X509TrustManager):0:0 -> get
    2:2:okhttp3.internal.tls.CertificateChainCleaner get(java.security.cert.X509Certificate[]):0:0 -> get
okhttp3.internal.tls.DistinguishedNameParser -> okhttp3.internal.tls.DistinguishedNameParser:
# {"id":"sourceFile","fileName":"DistinguishedNameParser.java"}
okhttp3.internal.tls.OkHostnameVerifier -> okhttp3.internal.tls.OkHostnameVerifier:
# {"id":"sourceFile","fileName":"OkHostnameVerifier.java"}
    1:1:boolean verify(java.lang.String,java.security.cert.X509Certificate):0:0 -> verify
    2:2:boolean verify(java.lang.String,javax.net.ssl.SSLSession):0:0 -> verify
    1:1:boolean verifyHostname(java.lang.String,java.lang.String):0:0 -> verifyHostname
    2:2:boolean verifyHostname(java.lang.String,java.security.cert.X509Certificate):0:0 -> verifyHostname
okhttp3.internal.tls.TrustRootIndex -> okhttp3.internal.tls.TrustRootIndex:
# {"id":"sourceFile","fileName":"TrustRootIndex.java"}
okhttp3.internal.ws.RealWebSocket -> okhttp3.internal.ws.RealWebSocket:
# {"id":"sourceFile","fileName":"RealWebSocket.java"}
    1:1:boolean close(int,java.lang.String):0:0 -> close
    2:2:boolean close(int,java.lang.String,long):0:0 -> close
    1:1:void onReadMessage(java.lang.String):0:0 -> onReadMessage
    2:2:void onReadMessage(okio.ByteString):0:0 -> onReadMessage
      # {"id":"com.android.tools.r8.residualsignature","signature":"(Lsc/h;)V"}
    1:1:void onReadPing(okio.ByteString):0:0 -> onReadPing
      # {"id":"com.android.tools.r8.residualsignature","signature":"(Lsc/h;)V"}
    1:1:void onReadPong(okio.ByteString):0:0 -> onReadPong
      # {"id":"com.android.tools.r8.residualsignature","signature":"(Lsc/h;)V"}
    1:1:boolean pong(okio.ByteString):0:0 -> pong
      # {"id":"com.android.tools.r8.residualsignature","signature":"(Lsc/h;)Z"}
    1:1:boolean send(java.lang.String):0:0 -> send
    2:2:boolean send(okio.ByteString):0:0 -> send
      # {"id":"com.android.tools.r8.residualsignature","signature":"(Lsc/h;)Z"}
    3:3:boolean send(okio.ByteString,int):0:0 -> send
      # {"id":"com.android.tools.r8.residualsignature","signature":"(Lsc/h;I)Z"}
okhttp3.internal.ws.RealWebSocket$1 -> okhttp3.internal.ws.RealWebSocket$1:
# {"id":"sourceFile","fileName":"RealWebSocket.java"}
okhttp3.internal.ws.RealWebSocket$2 -> okhttp3.internal.ws.RealWebSocket$2:
# {"id":"sourceFile","fileName":"RealWebSocket.java"}
okhttp3.internal.ws.RealWebSocket$CancelRunnable -> okhttp3.internal.ws.RealWebSocket$CancelRunnable:
# {"id":"sourceFile","fileName":"RealWebSocket.java"}
okhttp3.internal.ws.RealWebSocket$Close -> okhttp3.internal.ws.RealWebSocket$Close:
# {"id":"sourceFile","fileName":"RealWebSocket.java"}
    okio.ByteString reason -> reason
      # {"id":"com.android.tools.r8.residualsignature","signature":"Lsc/h;"}
    1:1:void <init>(int,okio.ByteString,long):0:0 -> <init>
      # {"id":"com.android.tools.r8.residualsignature","signature":"(ILsc/h;J)V"}
okhttp3.internal.ws.RealWebSocket$Message -> okhttp3.internal.ws.RealWebSocket$Message:
# {"id":"sourceFile","fileName":"RealWebSocket.java"}
    okio.ByteString data -> data
      # {"id":"com.android.tools.r8.residualsignature","signature":"Lsc/h;"}
    1:1:void <init>(int,okio.ByteString):0:0 -> <init>
      # {"id":"com.android.tools.r8.residualsignature","signature":"(ILsc/h;)V"}
okhttp3.internal.ws.RealWebSocket$PingRunnable -> okhttp3.internal.ws.RealWebSocket$PingRunnable:
# {"id":"sourceFile","fileName":"RealWebSocket.java"}